info it worked if it ends with ok
verbose cli [ 'node', '/usr/local/bin/npm', 'test' ]
info using npm@1.1.16
info using node@v0.6.15
verbose config file /Users/alexangelini/.npmrc
verbose config file /usr/local/etc/npmrc
verbose config file /usr/local/lib/node_modules/npm/npmrc
ERR! Failed to parse json
ERR! Unexpected token '
ERR! File: /Users/alexangelini/Local/mqu/package.json
ERR! JSON.parse Failed to parse package.json data.
ERR! JSON.parse package.json must be actual JSON, not just JavaScript.
ERR! JSON.parse This is not a bug in npm.
ERR! JSON.parse Tell the package author to fix their package.json file.
ERR! 
ERR! System Darwin 11.3.0
ERR! command "node" "/usr/local/bin/npm" "test"
ERR! cwd /Users/alexangelini/Local/mqu
ERR! node -v v0.6.15
ERR! npm -v 1.1.16
ERR! file /Users/alexangelini/Local/mqu/package.json
ERR! code EJSONPARSE
ERR! message Failed to parse json
ERR! message Unexpected token '
ERR! errno {}
verbose exit [ 1, true ]
